2024-07-30 18:44:45,223 - app.routes - INFO - Received request to authenticate user with data: {'username': 'admin', 'password': 'senha123'}
2024-07-30 18:44:45,270 - app.routes - INFO - User admin authenticated successfully
2024-07-30 18:44:45,277 - app.routes - INFO - Fetching matches for user admin
2024-07-30 18:44:48,670 - app.routes - INFO - Fetching matches for user admin
2024-07-30 18:44:48,733 - app.routes - INFO - Received request to get match with ID 8
2024-07-30 18:44:48,745 - app.routes - INFO - Match with ID 8 retrieved successfully
2024-07-30 18:44:53,864 - app.routes - INFO - Received request to update match with ID 8 and data: {'idMatch': '8', 'moments': [{'current_game_p1': '30', 'current_game_p2': '40', 'current_set_p1': 1, 'current_set_p2': 0, 'idMatch': 8, 'idMatchMoment': 8, 'match_score_p1': 0, 'match_score_p2': 0, 'sets': []}], 'ownerUsername': 'admin', 'player1': 'Davi', 'player2': 'Pedro', 'title': 'Davi x Pedro : 2024-07-30 18:29'}
2024-07-30 18:44:57,958 - app.routes - INFO - Received request to update match with ID 8 and data: {'idMatch': '8', 'moments': [{'current_game_p1': '40', 'current_game_p2': '40', 'current_set_p1': 1, 'current_set_p2': 0, 'idMatch': 8, 'idMatchMoment': 8, 'match_score_p1': 0, 'match_score_p2': 0, 'sets': []}], 'ownerUsername': 'admin', 'player1': 'Davi', 'player2': 'Pedro', 'title': 'Davi x Pedro : 2024-07-30 18:29'}
2024-07-30 18:44:59,553 - app.routes - INFO - Received request to update match with ID 8 and data: {'idMatch': '8', 'moments': [{'current_game_p1': 'AD', 'current_game_p2': '40', 'current_set_p1': 1, 'current_set_p2': 0, 'idMatch': 8, 'idMatchMoment': 8, 'match_score_p1': 0, 'match_score_p2': 0, 'sets': []}], 'ownerUsername': 'admin', 'player1': 'Davi', 'player2': 'Pedro', 'title': 'Davi x Pedro : 2024-07-30 18:29'}
2024-07-30 18:45:00,994 - app.routes - INFO - Received request to update match with ID 8 and data: {'idMatch': '8', 'moments': [{'current_game_p1': '0', 'current_game_p2': '0', 'current_set_p1': 2, 'current_set_p2': 0, 'idMatch': 8, 'idMatchMoment': 8, 'match_score_p1': 0, 'match_score_p2': 0, 'sets': []}], 'ownerUsername': 'admin', 'player1': 'Davi', 'player2': 'Pedro', 'title': 'Davi x Pedro : 2024-07-30 18:29'}
2024-07-30 18:45:02,074 - app.routes - INFO - Received request to update match with ID 8 and data: {'idMatch': '8', 'moments': [{'current_game_p1': '0', 'current_game_p2': '15', 'current_set_p1': 2, 'current_set_p2': 0, 'idMatch': 8, 'idMatchMoment': 8, 'match_score_p1': 0, 'match_score_p2': 0, 'sets': []}], 'ownerUsername': 'admin', 'player1': 'Davi', 'player2': 'Pedro', 'title': 'Davi x Pedro : 2024-07-30 18:29'}
2024-07-30 18:45:02,753 - app.routes - INFO - Received request to update match with ID 8 and data: {'idMatch': '8', 'moments': [{'current_game_p1': '0', 'current_game_p2': '30', 'current_set_p1': 2, 'current_set_p2': 0, 'idMatch': 8, 'idMatchMoment': 8, 'match_score_p1': 0, 'match_score_p2': 0, 'sets': []}], 'ownerUsername': 'admin', 'player1': 'Davi', 'player2': 'Pedro', 'title': 'Davi x Pedro : 2024-07-30 18:29'}
2024-07-30 18:45:03,372 - app.routes - INFO - Received request to update match with ID 8 and data: {'idMatch': '8', 'moments': [{'current_game_p1': '0', 'current_game_p2': '40', 'current_set_p1': 2, 'current_set_p2': 0, 'idMatch': 8, 'idMatchMoment': 8, 'match_score_p1': 0, 'match_score_p2': 0, 'sets': []}], 'ownerUsername': 'admin', 'player1': 'Davi', 'player2': 'Pedro', 'title': 'Davi x Pedro : 2024-07-30 18:29'}
2024-07-30 18:45:04,236 - app.routes - INFO - Received request to update match with ID 8 and data: {'idMatch': '8', 'moments': [{'current_game_p1': '0', 'current_game_p2': '0', 'current_set_p1': 2, 'current_set_p2': 1, 'idMatch': 8, 'idMatchMoment': 8, 'match_score_p1': 0, 'match_score_p2': 0, 'sets': []}], 'ownerUsername': 'admin', 'player1': 'Davi', 'player2': 'Pedro', 'title': 'Davi x Pedro : 2024-07-30 18:29'}
2024-07-30 18:45:05,119 - app.routes - INFO - Received request to update match with ID 8 and data: {'idMatch': '8', 'moments': [{'current_game_p1': '0', 'current_game_p2': '15', 'current_set_p1': 2, 'current_set_p2': 1, 'idMatch': 8, 'idMatchMoment': 8, 'match_score_p1': 0, 'match_score_p2': 0, 'sets': []}], 'ownerUsername': 'admin', 'player1': 'Davi', 'player2': 'Pedro', 'title': 'Davi x Pedro : 2024-07-30 18:29'}
2024-07-30 18:45:05,369 - app.routes - INFO - Received request to update match with ID 8 and data: {'idMatch': '8', 'moments': [{'current_game_p1': '0', 'current_game_p2': '30', 'current_set_p1': 2, 'current_set_p2': 1, 'idMatch': 8, 'idMatchMoment': 8, 'match_score_p1': 0, 'match_score_p2': 0, 'sets': []}], 'ownerUsername': 'admin', 'player1': 'Davi', 'player2': 'Pedro', 'title': 'Davi x Pedro : 2024-07-30 18:29'}
2024-07-30 18:45:05,645 - app.routes - INFO - Received request to update match with ID 8 and data: {'idMatch': '8', 'moments': [{'current_game_p1': '0', 'current_game_p2': '40', 'current_set_p1': 2, 'current_set_p2': 1, 'idMatch': 8, 'idMatchMoment': 8, 'match_score_p1': 0, 'match_score_p2': 0, 'sets': []}], 'ownerUsername': 'admin', 'player1': 'Davi', 'player2': 'Pedro', 'title': 'Davi x Pedro : 2024-07-30 18:29'}
2024-07-30 18:45:06,104 - app.routes - INFO - Received request to update match with ID 8 and data: {'idMatch': '8', 'moments': [{'current_game_p1': '0', 'current_game_p2': '0', 'current_set_p1': 2, 'current_set_p2': 2, 'idMatch': 8, 'idMatchMoment': 8, 'match_score_p1': 0, 'match_score_p2': 0, 'sets': []}], 'ownerUsername': 'admin', 'player1': 'Davi', 'player2': 'Pedro', 'title': 'Davi x Pedro : 2024-07-30 18:29'}
2024-07-30 18:45:13,368 - app.routes - INFO - Received request to get match with ID 8
2024-07-30 18:45:13,372 - app.routes - INFO - Match with ID 8 retrieved successfully
2024-07-30 18:45:13,390 - app.routes - INFO - WebSocket client connected
2024-07-30 18:45:16,557 - app.routes - INFO - Received request to update match with ID 8 and data: {'idMatch': '8', 'moments': [{'current_game_p1': '15', 'current_game_p2': '0', 'current_set_p1': 2, 'current_set_p2': 2, 'idMatch': 8, 'idMatchMoment': 8, 'match_score_p1': 0, 'match_score_p2': 0, 'sets': []}], 'ownerUsername': 'admin', 'player1': 'Davi', 'player2': 'Pedro', 'title': 'Davi x Pedro : 2024-07-30 18:29'}
2024-07-30 18:45:16,574 - app.routes - INFO - Broadcasted match update to client: <simple_websocket.ws.Server object at 0x000001D0BEEC8D60>
2024-07-30 18:45:18,175 - app.routes - INFO - Received request to update match with ID 8 and data: {'idMatch': '8', 'moments': [{'current_game_p1': '30', 'current_game_p2': '0', 'current_set_p1': 2, 'current_set_p2': 2, 'idMatch': 8, 'idMatchMoment': 8, 'match_score_p1': 0, 'match_score_p2': 0, 'sets': []}], 'ownerUsername': 'admin', 'player1': 'Davi', 'player2': 'Pedro', 'title': 'Davi x Pedro : 2024-07-30 18:29'}
2024-07-30 18:45:18,196 - app.routes - INFO - Broadcasted match update to client: <simple_websocket.ws.Server object at 0x000001D0BEEC8D60>
